{"uid":"288f7a4b46315533","name":"Check response","fullName":"GET and POST check: Check response","historyId":"717035214cbe3f8e218670b26d29753a","time":{"start":1667384753793,"stop":1667384753797,"duration":4},"status":"broken","statusMessage":"Can't init method getMethod for class com.epam.jdi.httptests.ServiceExample","statusTrace":"java.lang.RuntimeException: Can't init method getMethod for class com.epam.jdi.httptests.ServiceExample\n\tat com.epam.http.ExceptionHandler.exception(ExceptionHandler.java:12)\n\tat com.epam.http.requests.ServiceInit.init(ServiceInit.java:114)\n\tat com.epam.http.requests.ServiceInit.init(ServiceInit.java:89)\n\tat com.epam.jdi.httptests.steps.InitService.initService(InitService.java:12)\n\tat ✽.I init service(file:src/test/resources/features/GetAndPost.feature:5)\n","flaky":false,"newFailed":false,"newBroken":false,"newPassed":false,"retriesCount":0,"retriesStatusChange":false,"beforeStages":[],"testStage":{"status":"broken","statusMessage":"Can't init method getMethod for class com.epam.jdi.httptests.ServiceExample","statusTrace":"java.lang.RuntimeException: Can't init method getMethod for class com.epam.jdi.httptests.ServiceExample\n\tat com.epam.http.ExceptionHandler.exception(ExceptionHandler.java:12)\n\tat com.epam.http.requests.ServiceInit.init(ServiceInit.java:114)\n\tat com.epam.http.requests.ServiceInit.init(ServiceInit.java:89)\n\tat com.epam.jdi.httptests.steps.InitService.initService(InitService.java:12)\n\tat ✽.I init service(file:src/test/resources/features/GetAndPost.feature:5)\n","steps":[{"name":"Given  I init service","time":{"start":1667384753793,"stop":1667384753794,"duration":1},"status":"broken","statusMessage":"Can't init method getMethod for class com.epam.jdi.httptests.ServiceExample","statusTrace":"java.lang.RuntimeException: Can't init method getMethod for class com.epam.jdi.httptests.ServiceExample\n\tat com.epam.http.ExceptionHandler.exception(ExceptionHandler.java:12)\n\tat com.epam.http.requests.ServiceInit.init(ServiceInit.java:114)\n\tat com.epam.http.requests.ServiceInit.init(ServiceInit.java:89)\n\tat com.epam.jdi.httptests.steps.InitService.initService(InitService.java:12)\n\tat ✽.I init service(file:src/test/resources/features/GetAndPost.feature:5)\n","steps":[],"attachments":[],"parameters":[],"stepsCount":0,"attachmentsCount":0,"shouldDisplayMessage":true,"hasContent":true},{"name":"When  I do postMethod request","time":{"start":1667384753794,"stop":1667384753795,"duration":1},"status":"unknown","statusMessage":"TODO: implement me","statusTrace":"cucumber.api.PendingException: TODO: implement me\n\tat io.qameta.allure.cucumber4jvm.AllureCucumber4Jvm.handlePickleStep(AllureCucumber4Jvm.java:387)\n\tat io.qameta.allure.cucumber4jvm.AllureCucumber4Jvm.handleTestStepFinished(AllureCucumber4Jvm.java:239)\n\tat cucumber.runner.AbstractEventPublisher.send(AbstractEventPublisher.java:45)\n\tat cucumber.runner.AbstractEventBus.send(AbstractEventBus.java:9)\n\tat cucumber.runner.TimeServiceEventBus.send(TimeServiceEventBus.java:3)\n\tat cucumber.runner.ThreadLocalRunnerSupplier$SynchronizedEventBus.send(ThreadLocalRunnerSupplier.java:93)\n\tat cucumber.runner.ThreadLocalRunnerSupplier$LocalEventBus.send(ThreadLocalRunnerSupplier.java:61)\n\tat cucumber.runner.TestStep.run(TestStep.java:59)\n\tat cucumber.runner.PickleStepTestStep.run(PickleStepTestStep.java:43)\n\tat cucumber.runner.TestCase.run(TestCase.java:46)\n\tat cucumber.runner.Runner.runPickle(Runner.java:50)\n\tat io.cucumber.testng.TestNGCucumberRunner.runScenario(TestNGCucumberRunner.java:79)\n\tat io.cucumber.testng.AbstractTestNGCucumberTests.runScenario(AbstractTestNGCucumberTests.java:24)\n\tat java.base/jdk.internal.reflect.NativeMethodAccessorImpl.invoke0(Native Method)\n\tat java.base/jdk.internal.reflect.NativeMethodAccessorImpl.invoke(NativeMethodAccessorImpl.java:77)\n\tat java.base/jdk.internal.reflect.DelegatingMethodAccessorImpl.invoke(DelegatingMethodAccessorImpl.java:43)\n\tat java.base/java.lang.reflect.Method.invoke(Method.java:568)\n\tat org.testng.internal.MethodInvocationHelper.invokeMethod(MethodInvocationHelper.java:134)\n\tat org.testng.internal.TestInvoker.invokeMethod(TestInvoker.java:597)\n\tat org.testng.internal.TestInvoker.invokeTestMethod(TestInvoker.java:173)\n\tat org.testng.internal.MethodRunner.runInSequence(MethodRunner.java:46)\n\tat org.testng.internal.TestInvoker$MethodInvocationAgent.invoke(TestInvoker.java:816)\n\tat org.testng.internal.TestInvoker.invokeTestMethods(TestInvoker.java:146)\n\tat org.testng.internal.TestMethodWorker.invokeTestMethods(TestMethodWorker.java:146)\n\tat org.testng.internal.TestMethodWorker.run(TestMethodWorker.java:128)\n\tat java.base/java.util.concurrent.ThreadPoolExecutor.runWorker(ThreadPoolExecutor.java:1136)\n\tat java.base/java.util.concurrent.ThreadPoolExecutor$Worker.run(ThreadPoolExecutor.java:635)\n\tat java.base/java.lang.Thread.run(Thread.java:833)\n","steps":[],"attachments":[],"parameters":[],"stepsCount":0,"attachmentsCount":0,"shouldDisplayMessage":true,"hasContent":true},{"name":"Then  Response status type is OK","time":{"start":1667384753795,"stop":1667384753796,"duration":1},"status":"unknown","statusMessage":"TODO: implement me","statusTrace":"cucumber.api.PendingException: TODO: implement me\n\tat io.qameta.allure.cucumber4jvm.AllureCucumber4Jvm.handlePickleStep(AllureCucumber4Jvm.java:387)\n\tat io.qameta.allure.cucumber4jvm.AllureCucumber4Jvm.handleTestStepFinished(AllureCucumber4Jvm.java:239)\n\tat cucumber.runner.AbstractEventPublisher.send(AbstractEventPublisher.java:45)\n\tat cucumber.runner.AbstractEventBus.send(AbstractEventBus.java:9)\n\tat cucumber.runner.TimeServiceEventBus.send(TimeServiceEventBus.java:3)\n\tat cucumber.runner.ThreadLocalRunnerSupplier$SynchronizedEventBus.send(ThreadLocalRunnerSupplier.java:93)\n\tat cucumber.runner.ThreadLocalRunnerSupplier$LocalEventBus.send(ThreadLocalRunnerSupplier.java:61)\n\tat cucumber.runner.TestStep.run(TestStep.java:59)\n\tat cucumber.runner.PickleStepTestStep.run(PickleStepTestStep.java:43)\n\tat cucumber.runner.TestCase.run(TestCase.java:46)\n\tat cucumber.runner.Runner.runPickle(Runner.java:50)\n\tat io.cucumber.testng.TestNGCucumberRunner.runScenario(TestNGCucumberRunner.java:79)\n\tat io.cucumber.testng.AbstractTestNGCucumberTests.runScenario(AbstractTestNGCucumberTests.java:24)\n\tat java.base/jdk.internal.reflect.NativeMethodAccessorImpl.invoke0(Native Method)\n\tat java.base/jdk.internal.reflect.NativeMethodAccessorImpl.invoke(NativeMethodAccessorImpl.java:77)\n\tat java.base/jdk.internal.reflect.DelegatingMethodAccessorImpl.invoke(DelegatingMethodAccessorImpl.java:43)\n\tat java.base/java.lang.reflect.Method.invoke(Method.java:568)\n\tat org.testng.internal.MethodInvocationHelper.invokeMethod(MethodInvocationHelper.java:134)\n\tat org.testng.internal.TestInvoker.invokeMethod(TestInvoker.java:597)\n\tat org.testng.internal.TestInvoker.invokeTestMethod(TestInvoker.java:173)\n\tat org.testng.internal.MethodRunner.runInSequence(MethodRunner.java:46)\n\tat org.testng.internal.TestInvoker$MethodInvocationAgent.invoke(TestInvoker.java:816)\n\tat org.testng.internal.TestInvoker.invokeTestMethods(TestInvoker.java:146)\n\tat org.testng.internal.TestMethodWorker.invokeTestMethods(TestMethodWorker.java:146)\n\tat org.testng.internal.TestMethodWorker.run(TestMethodWorker.java:128)\n\tat java.base/java.util.concurrent.ThreadPoolExecutor.runWorker(ThreadPoolExecutor.java:1136)\n\tat java.base/java.util.concurrent.ThreadPoolExecutor$Worker.run(ThreadPoolExecutor.java:635)\n\tat java.base/java.lang.Thread.run(Thread.java:833)\n","steps":[],"attachments":[],"parameters":[],"stepsCount":0,"attachmentsCount":0,"shouldDisplayMessage":true,"hasContent":true},{"name":"And  Response body has values","time":{"start":1667384753796,"stop":1667384753797,"duration":1},"status":"unknown","statusMessage":"TODO: implement me","statusTrace":"cucumber.api.PendingException: TODO: implement me\n\tat io.qameta.allure.cucumber4jvm.AllureCucumber4Jvm.handlePickleStep(AllureCucumber4Jvm.java:387)\n\tat io.qameta.allure.cucumber4jvm.AllureCucumber4Jvm.handleTestStepFinished(AllureCucumber4Jvm.java:239)\n\tat cucumber.runner.AbstractEventPublisher.send(AbstractEventPublisher.java:45)\n\tat cucumber.runner.AbstractEventBus.send(AbstractEventBus.java:9)\n\tat cucumber.runner.TimeServiceEventBus.send(TimeServiceEventBus.java:3)\n\tat cucumber.runner.ThreadLocalRunnerSupplier$SynchronizedEventBus.send(ThreadLocalRunnerSupplier.java:93)\n\tat cucumber.runner.ThreadLocalRunnerSupplier$LocalEventBus.send(ThreadLocalRunnerSupplier.java:61)\n\tat cucumber.runner.TestStep.run(TestStep.java:59)\n\tat cucumber.runner.PickleStepTestStep.run(PickleStepTestStep.java:43)\n\tat cucumber.runner.TestCase.run(TestCase.java:46)\n\tat cucumber.runner.Runner.runPickle(Runner.java:50)\n\tat io.cucumber.testng.TestNGCucumberRunner.runScenario(TestNGCucumberRunner.java:79)\n\tat io.cucumber.testng.AbstractTestNGCucumberTests.runScenario(AbstractTestNGCucumberTests.java:24)\n\tat java.base/jdk.internal.reflect.NativeMethodAccessorImpl.invoke0(Native Method)\n\tat java.base/jdk.internal.reflect.NativeMethodAccessorImpl.invoke(NativeMethodAccessorImpl.java:77)\n\tat java.base/jdk.internal.reflect.DelegatingMethodAccessorImpl.invoke(DelegatingMethodAccessorImpl.java:43)\n\tat java.base/java.lang.reflect.Method.invoke(Method.java:568)\n\tat org.testng.internal.MethodInvocationHelper.invokeMethod(MethodInvocationHelper.java:134)\n\tat org.testng.internal.TestInvoker.invokeMethod(TestInvoker.java:597)\n\tat org.testng.internal.TestInvoker.invokeTestMethod(TestInvoker.java:173)\n\tat org.testng.internal.MethodRunner.runInSequence(MethodRunner.java:46)\n\tat org.testng.internal.TestInvoker$MethodInvocationAgent.invoke(TestInvoker.java:816)\n\tat org.testng.internal.TestInvoker.invokeTestMethods(TestInvoker.java:146)\n\tat org.testng.internal.TestMethodWorker.invokeTestMethods(TestMethodWorker.java:146)\n\tat org.testng.internal.TestMethodWorker.run(TestMethodWorker.java:128)\n\tat java.base/java.util.concurrent.ThreadPoolExecutor.runWorker(ThreadPoolExecutor.java:1136)\n\tat java.base/java.util.concurrent.ThreadPoolExecutor$Worker.run(ThreadPoolExecutor.java:635)\n\tat java.base/java.lang.Thread.run(Thread.java:833)\n","steps":[],"attachments":[{"uid":"955d86914bf0c28f","name":"Data table","source":"955d86914bf0c28f.csv","type":"text/tab-separated-values","size":53}],"parameters":[],"stepsCount":0,"attachmentsCount":1,"shouldDisplayMessage":true,"hasContent":true}],"attachments":[],"parameters":[],"stepsCount":4,"attachmentsCount":1,"shouldDisplayMessage":false,"hasContent":true},"afterStages":[],"labels":[{"name":"tag","value":"smoke"},{"name":"host","value":"fv-az446-251"},{"name":"thread","value":"3125@fv-az446-251.TestNG-test=Smoke Tests-1(16)"},{"name":"feature","value":"GET and POST check"},{"name":"story","value":"Check response"},{"name":"suite","value":"GET and POST check"},{"name":"testClass","value":"Check response"},{"name":"framework","value":"cucumber4jvm"},{"name":"language","value":"java"},{"name":"gherkin_uri","value":"file:src/test/resources/features/GetAndPost.feature"},{"name":"package","value":"src.test.resources.features.GetAndPost_feature.GET and POST check"},{"name":"resultFormat","value":"allure2"}],"parameters":[{"name":"method","value":"postMethod"},{"name":"responseStatus","value":"OK"},{"name":"url","value":"http://httpbin.org/post"}],"links":[],"hidden":false,"retry":false,"extra":{"severity":"normal","retries":[],"categories":[{"name":"Test defects","matchedStatuses":[],"flaky":false}],"tags":["smoke"]},"source":"288f7a4b46315533.json","parameterValues":["postMethod","OK","http://httpbin.org/post"]}