{"uid":"9a109f2f633ffdcf","name":"Check response","fullName":"GET and POST check: Check response","historyId":"41b23117fb66114504a683e45e4e72c3","time":{"start":1667384560367,"stop":1667384560822,"duration":455},"status":"broken","statusMessage":"Can't init method getMethod for class com.epam.jdi.httptests.ServiceExample","statusTrace":"java.lang.RuntimeException: Can't init method getMethod for class com.epam.jdi.httptests.ServiceExample\n\tat com.epam.http.ExceptionHandler.exception(ExceptionHandler.java:12)\n\tat com.epam.http.requests.ServiceInit.init(ServiceInit.java:114)\n\tat com.epam.http.requests.ServiceInit.init(ServiceInit.java:89)\n\tat com.epam.jdi.httptests.steps.InitService.initService(InitService.java:12)\n\tat ✽.I init service(file:src/test/resources/features/GetAndPost.feature:5)\n","flaky":false,"newFailed":false,"newBroken":false,"newPassed":false,"retriesCount":0,"retriesStatusChange":false,"beforeStages":[],"testStage":{"status":"broken","statusMessage":"Can't init method getMethod for class com.epam.jdi.httptests.ServiceExample","statusTrace":"java.lang.RuntimeException: Can't init method getMethod for class com.epam.jdi.httptests.ServiceExample\n\tat com.epam.http.ExceptionHandler.exception(ExceptionHandler.java:12)\n\tat com.epam.http.requests.ServiceInit.init(ServiceInit.java:114)\n\tat com.epam.http.requests.ServiceInit.init(ServiceInit.java:89)\n\tat com.epam.jdi.httptests.steps.InitService.initService(InitService.java:12)\n\tat ✽.I init service(file:src/test/resources/features/GetAndPost.feature:5)\n","steps":[{"name":"Given  I init service","time":{"start":1667384560369,"stop":1667384560794,"duration":425},"status":"broken","statusMessage":"Can't init method getMethod for class com.epam.jdi.httptests.ServiceExample","statusTrace":"java.lang.RuntimeException: Can't init method getMethod for class com.epam.jdi.httptests.ServiceExample\n\tat com.epam.http.ExceptionHandler.exception(ExceptionHandler.java:12)\n\tat com.epam.http.requests.ServiceInit.init(ServiceInit.java:114)\n\tat com.epam.http.requests.ServiceInit.init(ServiceInit.java:89)\n\tat com.epam.jdi.httptests.steps.InitService.initService(InitService.java:12)\n\tat ✽.I init service(file:src/test/resources/features/GetAndPost.feature:5)\n","steps":[],"attachments":[],"parameters":[],"stepsCount":0,"attachmentsCount":0,"shouldDisplayMessage":true,"hasContent":true},{"name":"When  I do getMethod request","time":{"start":1667384560794,"stop":1667384560807,"duration":13},"status":"unknown","statusMessage":"TODO: implement me","statusTrace":"cucumber.api.PendingException: TODO: implement me\n\tat io.qameta.allure.cucumber4jvm.AllureCucumber4Jvm.handlePickleStep(AllureCucumber4Jvm.java:387)\n\tat io.qameta.allure.cucumber4jvm.AllureCucumber4Jvm.handleTestStepFinished(AllureCucumber4Jvm.java:239)\n\tat cucumber.runner.AbstractEventPublisher.send(AbstractEventPublisher.java:45)\n\tat cucumber.runner.AbstractEventBus.send(AbstractEventBus.java:9)\n\tat cucumber.runner.TimeServiceEventBus.send(TimeServiceEventBus.java:3)\n\tat cucumber.runner.ThreadLocalRunnerSupplier$SynchronizedEventBus.send(ThreadLocalRunnerSupplier.java:93)\n\tat cucumber.runner.ThreadLocalRunnerSupplier$LocalEventBus.send(ThreadLocalRunnerSupplier.java:61)\n\tat cucumber.runner.TestStep.run(TestStep.java:59)\n\tat cucumber.runner.PickleStepTestStep.run(PickleStepTestStep.java:43)\n\tat cucumber.runner.TestCase.run(TestCase.java:46)\n\tat cucumber.runner.Runner.runPickle(Runner.java:50)\n\tat io.cucumber.testng.TestNGCucumberRunner.runScenario(TestNGCucumberRunner.java:79)\n\tat io.cucumber.testng.AbstractTestNGCucumberTests.runScenario(AbstractTestNGCucumberTests.java:24)\n\tat java.base/jdk.internal.reflect.NativeMethodAccessorImpl.invoke0(Native Method)\n\tat java.base/jdk.internal.reflect.NativeMethodAccessorImpl.invoke(NativeMethodAccessorImpl.java:62)\n\tat java.base/jdk.internal.reflect.DelegatingMethodAccessorImpl.invoke(DelegatingMethodAccessorImpl.java:43)\n\tat java.base/java.lang.reflect.Method.invoke(Method.java:564)\n\tat org.testng.internal.MethodInvocationHelper.invokeMethod(MethodInvocationHelper.java:134)\n\tat org.testng.internal.TestInvoker.invokeMethod(TestInvoker.java:597)\n\tat org.testng.internal.TestInvoker.invokeTestMethod(TestInvoker.java:173)\n\tat org.testng.internal.MethodRunner.runInSequence(MethodRunner.java:46)\n\tat org.testng.internal.TestInvoker$MethodInvocationAgent.invoke(TestInvoker.java:816)\n\tat org.testng.internal.TestInvoker.invokeTestMethods(TestInvoker.java:146)\n\tat org.testng.internal.TestMethodWorker.invokeTestMethods(TestMethodWorker.java:146)\n\tat org.testng.internal.TestMethodWorker.run(TestMethodWorker.java:128)\n\tat java.base/java.util.concurrent.ThreadPoolExecutor.runWorker(ThreadPoolExecutor.java:1130)\n\tat java.base/java.util.concurrent.ThreadPoolExecutor$Worker.run(ThreadPoolExecutor.java:630)\n\tat java.base/java.lang.Thread.run(Thread.java:832)\n","steps":[],"attachments":[],"parameters":[],"stepsCount":0,"attachmentsCount":0,"shouldDisplayMessage":true,"hasContent":true},{"name":"Then  Response status type is OK","time":{"start":1667384560807,"stop":1667384560818,"duration":11},"status":"unknown","statusMessage":"TODO: implement me","statusTrace":"cucumber.api.PendingException: TODO: implement me\n\tat io.qameta.allure.cucumber4jvm.AllureCucumber4Jvm.handlePickleStep(AllureCucumber4Jvm.java:387)\n\tat io.qameta.allure.cucumber4jvm.AllureCucumber4Jvm.handleTestStepFinished(AllureCucumber4Jvm.java:239)\n\tat cucumber.runner.AbstractEventPublisher.send(AbstractEventPublisher.java:45)\n\tat cucumber.runner.AbstractEventBus.send(AbstractEventBus.java:9)\n\tat cucumber.runner.TimeServiceEventBus.send(TimeServiceEventBus.java:3)\n\tat cucumber.runner.ThreadLocalRunnerSupplier$SynchronizedEventBus.send(ThreadLocalRunnerSupplier.java:93)\n\tat cucumber.runner.ThreadLocalRunnerSupplier$LocalEventBus.send(ThreadLocalRunnerSupplier.java:61)\n\tat cucumber.runner.TestStep.run(TestStep.java:59)\n\tat cucumber.runner.PickleStepTestStep.run(PickleStepTestStep.java:43)\n\tat cucumber.runner.TestCase.run(TestCase.java:46)\n\tat cucumber.runner.Runner.runPickle(Runner.java:50)\n\tat io.cucumber.testng.TestNGCucumberRunner.runScenario(TestNGCucumberRunner.java:79)\n\tat io.cucumber.testng.AbstractTestNGCucumberTests.runScenario(AbstractTestNGCucumberTests.java:24)\n\tat java.base/jdk.internal.reflect.NativeMethodAccessorImpl.invoke0(Native Method)\n\tat java.base/jdk.internal.reflect.NativeMethodAccessorImpl.invoke(NativeMethodAccessorImpl.java:62)\n\tat java.base/jdk.internal.reflect.DelegatingMethodAccessorImpl.invoke(DelegatingMethodAccessorImpl.java:43)\n\tat java.base/java.lang.reflect.Method.invoke(Method.java:564)\n\tat org.testng.internal.MethodInvocationHelper.invokeMethod(MethodInvocationHelper.java:134)\n\tat org.testng.internal.TestInvoker.invokeMethod(TestInvoker.java:597)\n\tat org.testng.internal.TestInvoker.invokeTestMethod(TestInvoker.java:173)\n\tat org.testng.internal.MethodRunner.runInSequence(MethodRunner.java:46)\n\tat org.testng.internal.TestInvoker$MethodInvocationAgent.invoke(TestInvoker.java:816)\n\tat org.testng.internal.TestInvoker.invokeTestMethods(TestInvoker.java:146)\n\tat org.testng.internal.TestMethodWorker.invokeTestMethods(TestMethodWorker.java:146)\n\tat org.testng.internal.TestMethodWorker.run(TestMethodWorker.java:128)\n\tat java.base/java.util.concurrent.ThreadPoolExecutor.runWorker(ThreadPoolExecutor.java:1130)\n\tat java.base/java.util.concurrent.ThreadPoolExecutor$Worker.run(ThreadPoolExecutor.java:630)\n\tat java.base/java.lang.Thread.run(Thread.java:832)\n","steps":[],"attachments":[],"parameters":[],"stepsCount":0,"attachmentsCount":0,"shouldDisplayMessage":true,"hasContent":true},{"name":"And  Response body has values","time":{"start":1667384560819,"stop":1667384560821,"duration":2},"status":"unknown","statusMessage":"TODO: implement me","statusTrace":"cucumber.api.PendingException: TODO: implement me\n\tat io.qameta.allure.cucumber4jvm.AllureCucumber4Jvm.handlePickleStep(AllureCucumber4Jvm.java:387)\n\tat io.qameta.allure.cucumber4jvm.AllureCucumber4Jvm.handleTestStepFinished(AllureCucumber4Jvm.java:239)\n\tat cucumber.runner.AbstractEventPublisher.send(AbstractEventPublisher.java:45)\n\tat cucumber.runner.AbstractEventBus.send(AbstractEventBus.java:9)\n\tat cucumber.runner.TimeServiceEventBus.send(TimeServiceEventBus.java:3)\n\tat cucumber.runner.ThreadLocalRunnerSupplier$SynchronizedEventBus.send(ThreadLocalRunnerSupplier.java:93)\n\tat cucumber.runner.ThreadLocalRunnerSupplier$LocalEventBus.send(ThreadLocalRunnerSupplier.java:61)\n\tat cucumber.runner.TestStep.run(TestStep.java:59)\n\tat cucumber.runner.PickleStepTestStep.run(PickleStepTestStep.java:43)\n\tat cucumber.runner.TestCase.run(TestCase.java:46)\n\tat cucumber.runner.Runner.runPickle(Runner.java:50)\n\tat io.cucumber.testng.TestNGCucumberRunner.runScenario(TestNGCucumberRunner.java:79)\n\tat io.cucumber.testng.AbstractTestNGCucumberTests.runScenario(AbstractTestNGCucumberTests.java:24)\n\tat java.base/jdk.internal.reflect.NativeMethodAccessorImpl.invoke0(Native Method)\n\tat java.base/jdk.internal.reflect.NativeMethodAccessorImpl.invoke(NativeMethodAccessorImpl.java:62)\n\tat java.base/jdk.internal.reflect.DelegatingMethodAccessorImpl.invoke(DelegatingMethodAccessorImpl.java:43)\n\tat java.base/java.lang.reflect.Method.invoke(Method.java:564)\n\tat org.testng.internal.MethodInvocationHelper.invokeMethod(MethodInvocationHelper.java:134)\n\tat org.testng.internal.TestInvoker.invokeMethod(TestInvoker.java:597)\n\tat org.testng.internal.TestInvoker.invokeTestMethod(TestInvoker.java:173)\n\tat org.testng.internal.MethodRunner.runInSequence(MethodRunner.java:46)\n\tat org.testng.internal.TestInvoker$MethodInvocationAgent.invoke(TestInvoker.java:816)\n\tat org.testng.internal.TestInvoker.invokeTestMethods(TestInvoker.java:146)\n\tat org.testng.internal.TestMethodWorker.invokeTestMethods(TestMethodWorker.java:146)\n\tat org.testng.internal.TestMethodWorker.run(TestMethodWorker.java:128)\n\tat java.base/java.util.concurrent.ThreadPoolExecutor.runWorker(ThreadPoolExecutor.java:1130)\n\tat java.base/java.util.concurrent.ThreadPoolExecutor$Worker.run(ThreadPoolExecutor.java:630)\n\tat java.base/java.lang.Thread.run(Thread.java:832)\n","steps":[],"attachments":[{"uid":"f9102f93f8a57d72","name":"Data table","source":"f9102f93f8a57d72.csv","type":"text/tab-separated-values","size":52}],"parameters":[],"stepsCount":0,"attachmentsCount":1,"shouldDisplayMessage":true,"hasContent":true}],"attachments":[],"parameters":[],"stepsCount":4,"attachmentsCount":1,"shouldDisplayMessage":false,"hasContent":true},"afterStages":[],"labels":[{"name":"tag","value":"smoke"},{"name":"host","value":"fv-az337-418"},{"name":"thread","value":"3041@fv-az337-418.TestNG-test=Smoke Tests-1(15)"},{"name":"feature","value":"GET and POST check"},{"name":"story","value":"Check response"},{"name":"suite","value":"GET and POST check"},{"name":"testClass","value":"Check response"},{"name":"framework","value":"cucumber4jvm"},{"name":"language","value":"java"},{"name":"gherkin_uri","value":"file:src/test/resources/features/GetAndPost.feature"},{"name":"package","value":"src.test.resources.features.GetAndPost_feature.GET and POST check"},{"name":"resultFormat","value":"allure2"}],"parameters":[{"name":"method","value":"getMethod"},{"name":"responseStatus","value":"OK"},{"name":"url","value":"http://httpbin.org/get"}],"links":[],"hidden":false,"retry":false,"extra":{"severity":"normal","retries":[],"categories":[{"name":"Test defects","matchedStatuses":[],"flaky":false}],"tags":["smoke"]},"source":"9a109f2f633ffdcf.json","parameterValues":["getMethod","OK","http://httpbin.org/get"]}